<?xml version="1.0" encoding="UTF-8"?>
<coverage generated="1747097777182" clover="3.2.0">
  <project timestamp="1747097777182" name="All files">
    <metrics statements="18" coveredstatements="18" conditionals="16" coveredconditionals="16" methods="8" coveredmethods="8" elements="42" coveredelements="42" complexity="0" loc="18" ncloc="18" packages="1" files="1" classes="1"/>
    <file name="GerenciadorImoveis.js" path="C:\Abilio\TesteDeSistemas\avaliacao_pratica\classes\GerenciadorImoveis.js">
      <metrics statements="18" coveredstatements="18" conditionals="16" coveredconditionals="16" methods="8" coveredmethods="8"/>
      <line num="3" count="9" type="stmt"/>
      <line num="8" count="11" type="cond" truecount="4" falsecount="0"/>
      <line num="9" count="1" type="stmt"/>
      <line num="11" count="10" type="cond" truecount="4" falsecount="0"/>
      <line num="12" count="1" type="stmt"/>
      <line num="14" count="9" type="cond" truecount="4" falsecount="0"/>
      <line num="15" count="1" type="stmt"/>
      <line num="17" count="8" type="cond" truecount="4" falsecount="0"/>
      <line num="18" count="1" type="stmt"/>
      <line num="20" count="7" type="stmt"/>
      <line num="25" count="11" type="stmt"/>
      <line num="26" count="7" type="stmt"/>
      <line num="31" count="2" type="stmt"/>
      <line num="32" count="3" type="stmt"/>
      <line num="38" count="2" type="stmt"/>
      <line num="39" count="3" type="stmt"/>
      <line num="45" count="1" type="stmt"/>
      <line num="49" count="1" type="stmt"/>
    </file>
  </project>
</coverage>
