{"C:\\Abilio\\TesteDeSistemas\\avaliacao_pratica\\classes\\GerenciadorImoveis.js": {"path":"C:\\Abilio\\TesteDeSistemas\\avaliacao_pratica\\classes\\GerenciadorImoveis.js","statementMap":{"0":{"start":{"line":3,"column":8},"end":{"line":3,"column":26}},"1":{"start":{"line":8,"column":8},"end":{"line":10,"column":9}},"2":{"start":{"line":9,"column":12},"end":{"line":9,"column":50}},"3":{"start":{"line":11,"column":8},"end":{"line":13,"column":9}},"4":{"start":{"line":12,"column":12},"end":{"line":12,"column":48}},"5":{"start":{"line":14,"column":8},"end":{"line":16,"column":9}},"6":{"start":{"line":15,"column":12},"end":{"line":15,"column":82}},"7":{"start":{"line":17,"column":8},"end":{"line":19,"column":9}},"8":{"start":{"line":18,"column":12},"end":{"line":18,"column":89}},"9":{"start":{"line":20,"column":8},"end":{"line":20,"column":20}},"10":{"start":{"line":25,"column":8},"end":{"line":25,"column":35}},"11":{"start":{"line":26,"column":8},"end":{"line":26,"column":34}},"12":{"start":{"line":31,"column":8},"end":{"line":33,"column":10}},"13":{"start":{"line":32,"column":12},"end":{"line":32,"column":64}},"14":{"start":{"line":38,"column":8},"end":{"line":40,"column":10}},"15":{"start":{"line":39,"column":12},"end":{"line":39,"column":56}},"16":{"start":{"line":45,"column":8},"end":{"line":45,"column":28}},"17":{"start":{"line":49,"column":0},"end":{"line":49,"column":36}}},"fnMap":{"0":{"name":"(anonymous_0)","decl":{"start":{"line":2,"column":4},"end":{"line":2,"column":5}},"loc":{"start":{"line":2,"column":18},"end":{"line":4,"column":5}},"line":2},"1":{"name":"(anonymous_1)","decl":{"start":{"line":7,"column":4},"end":{"line":7,"column":5}},"loc":{"start":{"line":7,"column":26},"end":{"line":21,"column":5}},"line":7},"2":{"name":"(anonymous_2)","decl":{"start":{"line":24,"column":4},"end":{"line":24,"column":5}},"loc":{"start":{"line":24,"column":28},"end":{"line":27,"column":5}},"line":24},"3":{"name":"(anonymous_3)","decl":{"start":{"line":30,"column":4},"end":{"line":30,"column":5}},"loc":{"start":{"line":30,"column":35},"end":{"line":34,"column":5}},"line":30},"4":{"name":"(anonymous_4)","decl":{"start":{"line":31,"column":35},"end":{"line":31,"column":36}},"loc":{"start":{"line":32,"column":12},"end":{"line":32,"column":64}},"line":32},"5":{"name":"(anonymous_5)","decl":{"start":{"line":37,"column":4},"end":{"line":37,"column":5}},"loc":{"start":{"line":37,"column":31},"end":{"line":41,"column":5}},"line":37},"6":{"name":"(anonymous_6)","decl":{"start":{"line":38,"column":35},"end":{"line":38,"column":36}},"loc":{"start":{"line":39,"column":12},"end":{"line":39,"column":56}},"line":39},"7":{"name":"(anonymous_7)","decl":{"start":{"line":44,"column":4},"end":{"line":44,"column":5}},"loc":{"start":{"line":44,"column":20},"end":{"line":46,"column":5}},"line":44}},"branchMap":{"0":{"loc":{"start":{"line":8,"column":8},"end":{"line":10,"column":9}},"type":"if","locations":[{"start":{"line":8,"column":8},"end":{"line":10,"column":9}},{"start":{},"end":{}}],"line":8},"1":{"loc":{"start":{"line":8,"column":12},"end":{"line":8,"column":67}},"type":"binary-expr","locations":[{"start":{"line":8,"column":12},"end":{"line":8,"column":28}},{"start":{"line":8,"column":32},"end":{"line":8,"column":67}}],"line":8},"2":{"loc":{"start":{"line":11,"column":8},"end":{"line":13,"column":9}},"type":"if","locations":[{"start":{"line":11,"column":8},"end":{"line":13,"column":9}},{"start":{},"end":{}}],"line":11},"3":{"loc":{"start":{"line":11,"column":12},"end":{"line":11,"column":63}},"type":"binary-expr","locations":[{"start":{"line":11,"column":12},"end":{"line":11,"column":26}},{"start":{"line":11,"column":30},"end":{"line":11,"column":63}}],"line":11},"4":{"loc":{"start":{"line":14,"column":8},"end":{"line":16,"column":9}},"type":"if","locations":[{"start":{"line":14,"column":8},"end":{"line":16,"column":9}},{"start":{},"end":{}}],"line":14},"5":{"loc":{"start":{"line":14,"column":12},"end":{"line":14,"column":65}},"type":"binary-expr","locations":[{"start":{"line":14,"column":12},"end":{"line":14,"column":44}},{"start":{"line":14,"column":48},"end":{"line":14,"column":65}}],"line":14},"6":{"loc":{"start":{"line":17,"column":8},"end":{"line":19,"column":9}},"type":"if","locations":[{"start":{"line":17,"column":8},"end":{"line":19,"column":9}},{"start":{},"end":{}}],"line":17},"7":{"loc":{"start":{"line":17,"column":12},"end":{"line":17,"column":78}},"type":"binary-expr","locations":[{"start":{"line":17,"column":12},"end":{"line":17,"column":42}},{"start":{"line":17,"column":46},"end":{"line":17,"column":78}}],"line":17}},"s":{"0":9,"1":11,"2":1,"3":10,"4":1,"5":9,"6":1,"7":8,"8":1,"9":7,"10":11,"11":7,"12":2,"13":3,"14":2,"15":3,"16":1,"17":1},"f":{"0":9,"1":11,"2":11,"3":2,"4":3,"5":2,"6":3,"7":1},"b":{"0":[1,10],"1":[11,10],"2":[1,9],"3":[10,9],"4":[1,8],"5":[9,9],"6":[1,7],"7":[8,4]},"_coverageSchema":"1a1c01bbd47fc00a2c39e90264f33305004495a9","hash":"3aa01f7c0c63e2c34b4ecba9962b339d89663ee4"}
}
