TN:
SF:classes\GerenciadorImoveis.js
FN:2,(anonymous_0)
FN:7,(anonymous_1)
FN:24,(anonymous_2)
FN:30,(anonymous_3)
FN:31,(anonymous_4)
FN:37,(anonymous_5)
FN:38,(anonymous_6)
FN:44,(anonymous_7)
FNF:8
FNH:8
FNDA:9,(anonymous_0)
FNDA:11,(anonymous_1)
FNDA:11,(anonymous_2)
FNDA:2,(anonymous_3)
FNDA:3,(anonymous_4)
FNDA:2,(anonymous_5)
FNDA:3,(anonymous_6)
FNDA:1,(anonymous_7)
DA:3,9
DA:8,11
DA:9,1
DA:11,10
DA:12,1
DA:14,9
DA:15,1
DA:17,8
DA:18,1
DA:20,7
DA:25,11
DA:26,7
DA:31,2
DA:32,3
DA:38,2
DA:39,3
DA:45,1
DA:49,1
LF:18
LH:18
BRDA:8,0,0,1
BRDA:8,0,1,10
BRDA:8,1,0,11
BRDA:8,1,1,10
BRDA:11,2,0,1
BRDA:11,2,1,9
BRDA:11,3,0,10
BRDA:11,3,1,9
BRDA:14,4,0,1
BRDA:14,4,1,8
BRDA:14,5,0,9
BRDA:14,5,1,9
BRDA:17,6,0,1
BRDA:17,6,1,7
BRDA:17,7,0,8
BRDA:17,7,1,4
BRF:16
BRH:16
end_of_record
