{"C:\\TesteDeSistemas\\login_jest\\classes\\Login.js": {"path":"C:\\TesteDeSistemas\\login_jest\\classes\\Login.js","statementMap":{"0":{"start":{"line":3,"column":8},"end":{"line":3,"column":32}},"1":{"start":{"line":4,"column":8},"end":{"line":4,"column":31}},"2":{"start":{"line":8,"column":8},"end":{"line":12,"column":9}},"3":{"start":{"line":9,"column":12},"end":{"line":9,"column":41}},"4":{"start":{"line":11,"column":12},"end":{"line":11,"column":50}},"5":{"start":{"line":16,"column":0},"end":{"line":16,"column":22}}},"fnMap":{"0":{"name":"(anonymous_0)","decl":{"start":{"line":2,"column":4},"end":{"line":2,"column":5}},"loc":{"start":{"line":2,"column":18},"end":{"line":5,"column":5}},"line":2},"1":{"name":"(anonymous_1)","decl":{"start":{"line":7,"column":4},"end":{"line":7,"column":5}},"loc":{"start":{"line":7,"column":39},"end":{"line":13,"column":5}},"line":7}},"branchMap":{"0":{"loc":{"start":{"line":8,"column":8},"end":{"line":12,"column":9}},"type":"if","locations":[{"start":{"line":8,"column":8},"end":{"line":12,"column":9}},{"start":{"line":10,"column":15},"end":{"line":12,"column":9}}],"line":8},"1":{"loc":{"start":{"line":8,"column":12},"end":{"line":8,"column":70}},"type":"binary-expr","locations":[{"start":{"line":8,"column":12},"end":{"line":8,"column":39}},{"start":{"line":8,"column":43},"end":{"line":8,"column":70}}],"line":8}},"s":{"0":2,"1":2,"2":2,"3":1,"4":1,"5":1},"f":{"0":2,"1":2},"b":{"0":[1,1],"1":[2,1]},"_coverageSchema":"1a1c01bbd47fc00a2c39e90264f33305004495a9","hash":"08235208e669b38a29e2c528cdeee0c6e39fb372"}
}
