<?xml version="1.0" encoding="UTF-8"?>
<coverage generated="1745708243566" clover="3.2.0">
  <project timestamp="1745708243567" name="All files">
    <metrics statements="36" coveredstatements="8" conditionals="23" coveredconditionals="1" methods="21" coveredmethods="3" elements="80" coveredelements="12" complexity="0" loc="36" ncloc="36" packages="1" files="4" classes="4"/>
    <file name="AgendamentoConsulta.js" path="C:\Users\renei\OneDrive\Documentos\Senai\revisao\classes\AgendamentoConsulta.js">
      <metrics statements="16" coveredstatements="1" conditionals="8" coveredconditionals="0" methods="7" coveredmethods="0"/>
      <line num="3" count="0" type="stmt"/>
      <line num="7" count="0" type="cond" truecount="0" falsecount="4"/>
      <line num="8" count="0" type="stmt"/>
      <line num="11" count="0" type="cond" truecount="0" falsecount="2"/>
      <line num="12" count="0" type="stmt"/>
      <line num="15" count="0" type="cond" truecount="0" falsecount="2"/>
      <line num="16" count="0" type="stmt"/>
      <line num="19" count="0" type="stmt"/>
      <line num="23" count="0" type="stmt"/>
      <line num="27" count="0" type="stmt"/>
      <line num="31" count="0" type="stmt"/>
      <line num="32" count="0" type="stmt"/>
      <line num="36" count="0" type="stmt"/>
      <line num="37" count="0" type="stmt"/>
      <line num="38" count="0" type="stmt"/>
      <line num="42" count="1" type="stmt"/>
    </file>
    <file name="CadastroPets.js" path="C:\Users\renei\OneDrive\Documentos\Senai\revisao\classes\CadastroPets.js">
      <metrics statements="6" coveredstatements="1" conditionals="7" coveredconditionals="0" methods="4" coveredmethods="0"/>
      <line num="3" count="0" type="cond" truecount="0" falsecount="2"/>
      <line num="7" count="0" type="cond" truecount="0" falsecount="2"/>
      <line num="11" count="0" type="stmt"/>
      <line num="12" count="0" type="stmt"/>
      <line num="16" count="0" type="cond" truecount="0" falsecount="3"/>
      <line num="22" count="1" type="stmt"/>
    </file>
    <file name="ListaDeTarefas.js" path="C:\Users\renei\OneDrive\Documentos\Senai\revisao\classes\ListaDeTarefas.js">
      <metrics statements="6" coveredstatements="5" conditionals="2" coveredconditionals="1" methods="5" coveredmethods="3"/>
      <line num="3" count="1" type="stmt"/>
      <line num="7" count="1" type="cond" truecount="1" falsecount="1"/>
      <line num="8" count="1" type="stmt"/>
      <line num="12" count="0" type="stmt"/>
      <line num="16" count="1" type="stmt"/>
      <line num="20" count="1" type="stmt"/>
    </file>
    <file name="ValidadorSenha.js" path="C:\Users\renei\OneDrive\Documentos\Senai\revisao\classes\ValidadorSenha.js">
      <metrics statements="8" coveredstatements="1" conditionals="6" coveredconditionals="0" methods="5" coveredmethods="0"/>
      <line num="3" count="0" type="cond" truecount="0" falsecount="2"/>
      <line num="4" count="0" type="stmt"/>
      <line num="7" count="0" type="cond" truecount="0" falsecount="4"/>
      <line num="14" count="0" type="stmt"/>
      <line num="18" count="0" type="stmt"/>
      <line num="22" count="0" type="stmt"/>
      <line num="26" count="0" type="stmt"/>
      <line num="30" count="1" type="stmt"/>
    </file>
  </project>
</coverage>
