<?xml version="1.0" encoding="UTF-8"?>
<coverage generated="1747021048169" clover="3.2.0">
  <project timestamp="1747021048170" name="All files">
    <metrics statements="31" coveredstatements="25" conditionals="17" coveredconditionals="10" methods="18" coveredmethods="14" elements="66" coveredelements="49" complexity="0" loc="31" ncloc="31" packages="1" files="4" classes="4"/>
    <file name="AgendamentoConsulta.js" path="C:\TesteDeSistemas\revisao\classes\AgendamentoConsulta.js">
      <metrics statements="16" coveredstatements="13" conditionals="8" coveredconditionals="5" methods="7" coveredmethods="7"/>
      <line num="3" count="6" type="stmt"/>
      <line num="7" count="2" type="cond" truecount="3" falsecount="1"/>
      <line num="8" count="0" type="stmt"/>
      <line num="11" count="2" type="cond" truecount="1" falsecount="1"/>
      <line num="12" count="0" type="stmt"/>
      <line num="15" count="2" type="cond" truecount="1" falsecount="1"/>
      <line num="16" count="0" type="stmt"/>
      <line num="19" count="2" type="stmt"/>
      <line num="23" count="1" type="stmt"/>
      <line num="27" count="2" type="stmt"/>
      <line num="31" count="4" type="stmt"/>
      <line num="32" count="4" type="stmt"/>
      <line num="36" count="4" type="stmt"/>
      <line num="37" count="4" type="stmt"/>
      <line num="38" count="4" type="stmt"/>
      <line num="42" count="1" type="stmt"/>
    </file>
    <file name="CadastroPets.js" path="C:\TesteDeSistemas\revisao\classes\CadastroPets.js">
      <metrics statements="6" coveredstatements="5" conditionals="7" coveredconditionals="4" methods="4" coveredmethods="3"/>
      <line num="3" count="2" type="cond" truecount="2" falsecount="0"/>
      <line num="7" count="2" type="cond" truecount="2" falsecount="0"/>
      <line num="11" count="2" type="stmt"/>
      <line num="12" count="2" type="stmt"/>
      <line num="16" count="0" type="cond" truecount="0" falsecount="3"/>
      <line num="22" count="1" type="stmt"/>
    </file>
    <file name="ConversorTemperatura.js" path="C:\TesteDeSistemas\revisao\classes\ConversorTemperatura.js">
      <metrics statements="3" coveredstatements="3" conditionals="0" coveredconditionals="0" methods="2" coveredmethods="2"/>
      <line num="3" count="1" type="stmt"/>
      <line num="7" count="1" type="stmt"/>
      <line num="11" count="1" type="stmt"/>
    </file>
    <file name="ListaDeTarefas.js" path="C:\TesteDeSistemas\revisao\classes\ListaDeTarefas.js">
      <metrics statements="6" coveredstatements="4" conditionals="2" coveredconditionals="1" methods="5" coveredmethods="2"/>
      <line num="3" count="1" type="stmt"/>
      <line num="7" count="1" type="cond" truecount="1" falsecount="1"/>
      <line num="8" count="1" type="stmt"/>
      <line num="12" count="0" type="stmt"/>
      <line num="16" count="0" type="stmt"/>
      <line num="20" count="1" type="stmt"/>
    </file>
  </project>
</coverage>
