{"C:\\TesteDeSistemas\\revisao\\classes\\AgendamentoConsulta.js": {"path":"C:\\TesteDeSistemas\\revisao\\classes\\AgendamentoConsulta.js","statementMap":{"0":{"start":{"line":3,"column":4},"end":{"line":3,"column":24}},"1":{"start":{"line":7,"column":4},"end":{"line":9,"column":5}},"2":{"start":{"line":8,"column":6},"end":{"line":8,"column":59}},"3":{"start":{"line":11,"column":4},"end":{"line":13,"column":5}},"4":{"start":{"line":12,"column":6},"end":{"line":12,"column":40}},"5":{"start":{"line":15,"column":4},"end":{"line":17,"column":5}},"6":{"start":{"line":16,"column":6},"end":{"line":16,"column":49}},"7":{"start":{"line":19,"column":4},"end":{"line":19,"column":44}},"8":{"start":{"line":23,"column":4},"end":{"line":23,"column":73}},"9":{"start":{"line":23,"column":48},"end":{"line":23,"column":71}},"10":{"start":{"line":27,"column":4},"end":{"line":27,"column":26}},"11":{"start":{"line":31,"column":20},"end":{"line":31,"column":34}},"12":{"start":{"line":32,"column":4},"end":{"line":32,"column":37}},"13":{"start":{"line":36,"column":18},"end":{"line":36,"column":28}},"14":{"start":{"line":37,"column":20},"end":{"line":37,"column":34}},"15":{"start":{"line":38,"column":4},"end":{"line":38,"column":47}},"16":{"start":{"line":42,"column":0},"end":{"line":42,"column":37}}},"fnMap":{"0":{"name":"(anonymous_0)","decl":{"start":{"line":2,"column":2},"end":{"line":2,"column":3}},"loc":{"start":{"line":2,"column":16},"end":{"line":4,"column":3}},"line":2},"1":{"name":"(anonymous_1)","decl":{"start":{"line":6,"column":2},"end":{"line":6,"column":3}},"loc":{"start":{"line":6,"column":34},"end":{"line":20,"column":3}},"line":6},"2":{"name":"(anonymous_2)","decl":{"start":{"line":22,"column":2},"end":{"line":22,"column":3}},"loc":{"start":{"line":22,"column":29},"end":{"line":24,"column":3}},"line":22},"3":{"name":"(anonymous_3)","decl":{"start":{"line":23,"column":43},"end":{"line":23,"column":44}},"loc":{"start":{"line":23,"column":48},"end":{"line":23,"column":71}},"line":23},"4":{"name":"(anonymous_4)","decl":{"start":{"line":26,"column":2},"end":{"line":26,"column":3}},"loc":{"start":{"line":26,"column":20},"end":{"line":28,"column":3}},"line":26},"5":{"name":"(anonymous_5)","decl":{"start":{"line":30,"column":2},"end":{"line":30,"column":3}},"loc":{"start":{"line":30,"column":19},"end":{"line":33,"column":3}},"line":30},"6":{"name":"(anonymous_6)","decl":{"start":{"line":35,"column":2},"end":{"line":35,"column":3}},"loc":{"start":{"line":35,"column":19},"end":{"line":39,"column":3}},"line":35}},"branchMap":{"0":{"loc":{"start":{"line":7,"column":4},"end":{"line":9,"column":5}},"type":"if","locations":[{"start":{"line":7,"column":4},"end":{"line":9,"column":5}},{"start":{},"end":{}}],"line":7},"1":{"loc":{"start":{"line":7,"column":8},"end":{"line":7,"column":26}},"type":"binary-expr","locations":[{"start":{"line":7,"column":8},"end":{"line":7,"column":17}},{"start":{"line":7,"column":21},"end":{"line":7,"column":26}}],"line":7},"2":{"loc":{"start":{"line":11,"column":4},"end":{"line":13,"column":5}},"type":"if","locations":[{"start":{"line":11,"column":4},"end":{"line":13,"column":5}},{"start":{},"end":{}}],"line":11},"3":{"loc":{"start":{"line":15,"column":4},"end":{"line":17,"column":5}},"type":"if","locations":[{"start":{"line":15,"column":4},"end":{"line":17,"column":5}},{"start":{},"end":{}}],"line":15}},"s":{"0":6,"1":2,"2":0,"3":2,"4":0,"5":2,"6":0,"7":2,"8":1,"9":1,"10":2,"11":4,"12":4,"13":4,"14":4,"15":4,"16":1},"f":{"0":6,"1":2,"2":1,"3":1,"4":2,"5":4,"6":4},"b":{"0":[0,2],"1":[2,2],"2":[0,2],"3":[0,2]},"_coverageSchema":"1a1c01bbd47fc00a2c39e90264f33305004495a9","hash":"8138ae64c49f6cbbe92cdb063b506f7956c29b72"}
,"C:\\TesteDeSistemas\\revisao\\classes\\CadastroPets.js": {"path":"C:\\TesteDeSistemas\\revisao\\classes\\CadastroPets.js","statementMap":{"0":{"start":{"line":3,"column":8},"end":{"line":3,"column":66}},"1":{"start":{"line":7,"column":8},"end":{"line":7,"column":55}},"2":{"start":{"line":11,"column":29},"end":{"line":11,"column":70}},"3":{"start":{"line":12,"column":8},"end":{"line":12,"column":57}},"4":{"start":{"line":16,"column":8},"end":{"line":18,"column":39}},"5":{"start":{"line":22,"column":0},"end":{"line":22,"column":30}}},"fnMap":{"0":{"name":"(anonymous_0)","decl":{"start":{"line":2,"column":4},"end":{"line":2,"column":5}},"loc":{"start":{"line":2,"column":22},"end":{"line":4,"column":5}},"line":2},"1":{"name":"(anonymous_1)","decl":{"start":{"line":6,"column":4},"end":{"line":6,"column":5}},"loc":{"start":{"line":6,"column":24},"end":{"line":8,"column":5}},"line":6},"2":{"name":"(anonymous_2)","decl":{"start":{"line":10,"column":4},"end":{"line":10,"column":5}},"loc":{"start":{"line":10,"column":22},"end":{"line":13,"column":5}},"line":10},"3":{"name":"(anonymous_3)","decl":{"start":{"line":15,"column":4},"end":{"line":15,"column":5}},"loc":{"start":{"line":15,"column":25},"end":{"line":19,"column":5}},"line":15}},"branchMap":{"0":{"loc":{"start":{"line":3,"column":15},"end":{"line":3,"column":65}},"type":"binary-expr","locations":[{"start":{"line":3,"column":15},"end":{"line":3,"column":39}},{"start":{"line":3,"column":43},"end":{"line":3,"column":65}}],"line":3},"1":{"loc":{"start":{"line":7,"column":15},"end":{"line":7,"column":54}},"type":"binary-expr","locations":[{"start":{"line":7,"column":15},"end":{"line":7,"column":40}},{"start":{"line":7,"column":44},"end":{"line":7,"column":54}}],"line":7},"2":{"loc":{"start":{"line":16,"column":15},"end":{"line":18,"column":38}},"type":"binary-expr","locations":[{"start":{"line":16,"column":15},"end":{"line":16,"column":41}},{"start":{"line":17,"column":12},"end":{"line":17,"column":40}},{"start":{"line":18,"column":12},"end":{"line":18,"column":38}}],"line":16}},"s":{"0":2,"1":2,"2":2,"3":2,"4":0,"5":1},"f":{"0":2,"1":2,"2":2,"3":0},"b":{"0":[2,2],"1":[2,2],"2":[0,0,0]},"_coverageSchema":"1a1c01bbd47fc00a2c39e90264f33305004495a9","hash":"f43b1ca0fd5e12756b2bca125df642179a5935ee"}
,"C:\\TesteDeSistemas\\revisao\\classes\\ConversorTemperatura.js": {"path":"C:\\TesteDeSistemas\\revisao\\classes\\ConversorTemperatura.js","statementMap":{"0":{"start":{"line":3,"column":8},"end":{"line":3,"column":38}},"1":{"start":{"line":7,"column":8},"end":{"line":7,"column":41}},"2":{"start":{"line":11,"column":0},"end":{"line":11,"column":38}}},"fnMap":{"0":{"name":"(anonymous_0)","decl":{"start":{"line":2,"column":4},"end":{"line":2,"column":5}},"loc":{"start":{"line":2,"column":35},"end":{"line":4,"column":5}},"line":2},"1":{"name":"(anonymous_1)","decl":{"start":{"line":6,"column":4},"end":{"line":6,"column":5}},"loc":{"start":{"line":6,"column":38},"end":{"line":8,"column":5}},"line":6}},"branchMap":{},"s":{"0":1,"1":1,"2":1},"f":{"0":1,"1":1},"b":{},"_coverageSchema":"1a1c01bbd47fc00a2c39e90264f33305004495a9","hash":"d7fdd0efded9b8383a5f6b77e0de71160457951c"}
,"C:\\TesteDeSistemas\\revisao\\classes\\ListaDeTarefas.js": {"path":"C:\\TesteDeSistemas\\revisao\\classes\\ListaDeTarefas.js","statementMap":{"0":{"start":{"line":3,"column":8},"end":{"line":3,"column":26}},"1":{"start":{"line":7,"column":8},"end":{"line":7,"column":57}},"2":{"start":{"line":7,"column":21},"end":{"line":7,"column":57}},"3":{"start":{"line":8,"column":8},"end":{"line":8,"column":34}},"4":{"start":{"line":12,"column":8},"end":{"line":12,"column":62}},"5":{"start":{"line":12,"column":48},"end":{"line":12,"column":60}},"6":{"start":{"line":16,"column":8},"end":{"line":16,"column":28}},"7":{"start":{"line":20,"column":0},"end":{"line":20,"column":32}}},"fnMap":{"0":{"name":"(anonymous_0)","decl":{"start":{"line":2,"column":4},"end":{"line":2,"column":5}},"loc":{"start":{"line":2,"column":18},"end":{"line":4,"column":5}},"line":2},"1":{"name":"(anonymous_1)","decl":{"start":{"line":6,"column":4},"end":{"line":6,"column":5}},"loc":{"start":{"line":6,"column":28},"end":{"line":9,"column":5}},"line":6},"2":{"name":"(anonymous_2)","decl":{"start":{"line":11,"column":4},"end":{"line":11,"column":5}},"loc":{"start":{"line":11,"column":26},"end":{"line":13,"column":5}},"line":11},"3":{"name":"(anonymous_3)","decl":{"start":{"line":12,"column":43},"end":{"line":12,"column":44}},"loc":{"start":{"line":12,"column":48},"end":{"line":12,"column":60}},"line":12},"4":{"name":"(anonymous_4)","decl":{"start":{"line":15,"column":4},"end":{"line":15,"column":5}},"loc":{"start":{"line":15,"column":20},"end":{"line":17,"column":5}},"line":15}},"branchMap":{"0":{"loc":{"start":{"line":7,"column":8},"end":{"line":7,"column":57}},"type":"if","locations":[{"start":{"line":7,"column":8},"end":{"line":7,"column":57}},{"start":{},"end":{}}],"line":7}},"s":{"0":1,"1":1,"2":0,"3":1,"4":0,"5":0,"6":0,"7":1},"f":{"0":1,"1":1,"2":0,"3":0,"4":0},"b":{"0":[0,1]},"_coverageSchema":"1a1c01bbd47fc00a2c39e90264f33305004495a9","hash":"3829303a1e78665e94c38fe4bb309b3938332378"}
}
