TN:
SF:classes\AgendamentoConsulta.js
FN:2,(anonymous_0)
FN:6,(anonymous_1)
FN:22,(anonymous_2)
FN:23,(anonymous_3)
FN:26,(anonymous_4)
FN:30,(anonymous_5)
FN:35,(anonymous_6)
FNF:7
FNH:7
FNDA:6,(anonymous_0)
FNDA:2,(anonymous_1)
FNDA:1,(anonymous_2)
FNDA:1,(anonymous_3)
FNDA:2,(anonymous_4)
FNDA:4,(anonymous_5)
FNDA:4,(anonymous_6)
DA:3,6
DA:7,2
DA:8,0
DA:11,2
DA:12,0
DA:15,2
DA:16,0
DA:19,2
DA:23,1
DA:27,2
DA:31,4
DA:32,4
DA:36,4
DA:37,4
DA:38,4
DA:42,1
LF:16
LH:13
BRDA:7,0,0,0
BRDA:7,0,1,2
BRDA:7,1,0,2
BRDA:7,1,1,2
BRDA:11,2,0,0
BRDA:11,2,1,2
BRDA:15,3,0,0
BRDA:15,3,1,2
BRF:8
BRH:5
end_of_record
TN:
SF:classes\CadastroPets.js
FN:2,(anonymous_0)
FN:6,(anonymous_1)
FN:10,(anonymous_2)
FN:15,(anonymous_3)
FNF:4
FNH:3
FNDA:2,(anonymous_0)
FNDA:2,(anonymous_1)
FNDA:2,(anonymous_2)
FNDA:0,(anonymous_3)
DA:3,2
DA:7,2
DA:11,2
DA:12,2
DA:16,0
DA:22,1
LF:6
LH:5
BRDA:3,0,0,2
BRDA:3,0,1,2
BRDA:7,1,0,2
BRDA:7,1,1,2
BRDA:16,2,0,0
BRDA:16,2,1,0
BRDA:16,2,2,0
BRF:7
BRH:4
end_of_record
TN:
SF:classes\ConversorTemperatura.js
FN:2,(anonymous_0)
FN:6,(anonymous_1)
FNF:2
FNH:2
FNDA:1,(anonymous_0)
FNDA:1,(anonymous_1)
DA:3,1
DA:7,1
DA:11,1
LF:3
LH:3
BRF:0
BRH:0
end_of_record
TN:
SF:classes\ListaDeTarefas.js
FN:2,(anonymous_0)
FN:6,(anonymous_1)
FN:11,(anonymous_2)
FN:12,(anonymous_3)
FN:15,(anonymous_4)
FNF:5
FNH:2
FNDA:1,(anonymous_0)
FNDA:1,(anonymous_1)
FNDA:0,(anonymous_2)
FNDA:0,(anonymous_3)
FNDA:0,(anonymous_4)
DA:3,1
DA:7,1
DA:8,1
DA:12,0
DA:16,0
DA:20,1
LF:6
LH:4
BRDA:7,0,0,0
BRDA:7,0,1,1
BRF:2
BRH:1
end_of_record
