<?xml version="1.0" encoding="UTF-8"?>
<coverage generated="1747088609186" clover="3.2.0">
  <project timestamp="1747088609186" name="All files">
    <metrics statements="20" coveredstatements="14" conditionals="12" coveredconditionals="9" methods="8" coveredmethods="5" elements="40" coveredelements="28" complexity="0" loc="20" ncloc="20" packages="1" files="1" classes="1"/>
    <file name="AgendamentoConsulta.js" path="C:\Abilio\TesteDeSistemas\revisao_mock\classes\AgendamentoConsulta.js">
      <metrics statements="20" coveredstatements="14" conditionals="12" coveredconditionals="9" methods="8" coveredmethods="5"/>
      <line num="3" count="3" type="stmt"/>
      <line num="7" count="3" type="cond" truecount="4" falsecount="0"/>
      <line num="8" count="1" type="stmt"/>
      <line num="11" count="1" type="cond" truecount="3" falsecount="1"/>
      <line num="12" count="0" type="stmt"/>
      <line num="15" count="1" type="cond" truecount="1" falsecount="1"/>
      <line num="16" count="0" type="stmt"/>
      <line num="19" count="1" type="cond" truecount="1" falsecount="1"/>
      <line num="20" count="0" type="stmt"/>
      <line num="23" count="1" type="stmt"/>
      <line num="27" count="0" type="stmt"/>
      <line num="31" count="3" type="stmt"/>
      <line num="35" count="1" type="stmt"/>
      <line num="36" count="1" type="stmt"/>
      <line num="40" count="1" type="stmt"/>
      <line num="41" count="1" type="stmt"/>
      <line num="42" count="1" type="stmt"/>
      <line num="46" count="0" type="stmt"/>
      <line num="47" count="0" type="stmt"/>
      <line num="51" count="1" type="stmt"/>
    </file>
  </project>
</coverage>
