TN:
SF:classes\AgendamentoConsulta.js
FN:2,(anonymous_0)
FN:6,(anonymous_1)
FN:26,(anonymous_2)
FN:27,(anonymous_3)
FN:30,(anonymous_4)
FN:34,(anonymous_5)
FN:39,(anonymous_6)
FN:45,(anonymous_7)
FNF:8
FNH:5
FNDA:3,(anonymous_0)
FNDA:3,(anonymous_1)
FNDA:0,(anonymous_2)
FNDA:0,(anonymous_3)
FNDA:3,(anonymous_4)
FNDA:1,(anonymous_5)
FNDA:1,(anonymous_6)
FNDA:0,(anonymous_7)
DA:3,3
DA:7,3
DA:8,1
DA:11,1
DA:12,0
DA:15,1
DA:16,0
DA:19,1
DA:20,0
DA:23,1
DA:27,0
DA:31,3
DA:35,1
DA:36,1
DA:40,1
DA:41,1
DA:42,1
DA:46,0
DA:47,0
DA:51,1
LF:20
LH:14
BRDA:7,0,0,1
BRDA:7,0,1,1
BRDA:7,1,0,3
BRDA:7,1,1,3
BRDA:11,2,0,0
BRDA:11,2,1,1
BRDA:11,3,0,1
BRDA:11,3,1,1
BRDA:15,4,0,0
BRDA:15,4,1,1
BRDA:19,5,0,0
BRDA:19,5,1,1
BRF:12
BRH:9
end_of_record
