TN:
SF:classes\GerenciadorImoveis.js
FN:1,(anonymous_0)
FN:1,(anonymous_1)
FN:5,(anonymous_2)
FN:9,(anonymous_3)
FN:28,(anonymous_4)
FN:43,(anonymous_5)
FN:47,(anonymous_6)
FN:48,(anonymous_7)
FN:55,(anonymous_8)
FN:61,(anonymous_9)
FN:80,(anonymous_10)
FN:82,(anonymous_11)
FN:89,(anonymous_12)
FN:92,(anonymous_13)
FN:97,(anonymous_14)
FN:98,(anonymous_15)
FN:103,(anonymous_16)
FN:104,(anonymous_17)
FNF:18
FNH:3
FNDA:0,(anonymous_0)
FNDA:0,(anonymous_1)
FNDA:3,(anonymous_2)
FNDA:3,(anonymous_3)
FNDA:3,(anonymous_4)
FNDA:0,(anonymous_5)
FNDA:0,(anonymous_6)
FNDA:0,(anonymous_7)
FNDA:0,(anonymous_8)
FNDA:0,(anonymous_9)
FNDA:0,(anonymous_10)
FNDA:0,(anonymous_11)
FNDA:0,(anonymous_12)
FNDA:0,(anonymous_13)
FNDA:0,(anonymous_14)
FNDA:0,(anonymous_15)
FNDA:0,(anonymous_16)
FNDA:0,(anonymous_17)
DA:1,1
DA:2,1
DA:6,3
DA:10,3
DA:13,3
DA:14,2
DA:15,1
DA:18,1
DA:20,1
DA:23,1
DA:25,1
DA:29,3
DA:30,0
DA:32,3
DA:33,0
DA:35,3
DA:36,0
DA:38,3
DA:39,0
DA:44,0
DA:46,0
DA:47,0
DA:49,0
DA:50,0
DA:51,0
DA:53,0
DA:56,0
DA:57,0
DA:62,0
DA:64,0
DA:72,0
DA:81,0
DA:82,0
DA:83,0
DA:84,0
DA:87,0
DA:90,0
DA:93,0
DA:98,0
DA:99,0
DA:104,0
DA:105,0
DA:110,1
LF:43
LH:16
BRDA:14,0,0,1
BRDA:14,0,1,1
BRDA:29,1,0,0
BRDA:29,1,1,3
BRDA:29,2,0,3
BRDA:29,2,1,3
BRDA:32,3,0,0
BRDA:32,3,1,3
BRDA:32,4,0,3
BRDA:32,4,1,3
BRDA:35,5,0,0
BRDA:35,5,1,3
BRDA:35,6,0,3
BRDA:35,6,1,3
BRDA:38,7,0,0
BRDA:38,7,1,3
BRDA:38,8,0,3
BRDA:38,8,1,0
BRDA:49,9,0,0
BRDA:49,9,1,0
BRDA:81,10,0,0
BRDA:81,10,1,0
BRF:22
BRH:13
end_of_record
