TN:
SF:classes\Usuario.js
FN:2,(anonymous_0)
FN:12,(anonymous_1)
FN:38,(anonymous_2)
FN:43,(anonymous_3)
FN:48,(anonymous_4)
FN:54,(anonymous_5)
FNF:6
FNH:6
FNDA:13,(anonymous_0)
FNDA:13,(anonymous_1)
FNDA:7,(anonymous_2)
FNDA:6,(anonymous_3)
FNDA:5,(anonymous_4)
FNDA:2,(anonymous_5)
DA:3,13
DA:4,13
DA:5,13
DA:6,13
DA:7,13
DA:8,13
DA:9,13
DA:13,13
DA:14,6
DA:17,7
DA:18,1
DA:21,6
DA:22,1
DA:25,5
DA:26,2
DA:29,3
DA:30,1
DA:33,2
DA:34,1
DA:39,7
DA:40,7
DA:44,6
DA:45,6
DA:49,5
DA:50,5
DA:51,3
DA:55,2
DA:56,2
DA:58,0
DA:63,1
LF:30
LH:29
BRDA:13,0,0,6
BRDA:13,0,1,7
BRDA:13,1,0,13
BRDA:13,1,1,12
BRDA:13,1,2,11
BRDA:13,1,3,10
BRDA:13,1,4,9
BRDA:13,1,5,8
BRDA:17,2,0,1
BRDA:17,2,1,6
BRDA:21,3,0,1
BRDA:21,3,1,5
BRDA:25,4,0,2
BRDA:25,4,1,3
BRDA:25,5,0,5
BRDA:25,5,1,2
BRDA:29,6,0,1
BRDA:29,6,1,2
BRDA:33,7,0,1
BRDA:33,7,1,1
BRDA:50,8,0,2
BRDA:50,8,1,3
BRDA:50,9,0,5
BRDA:50,9,1,4
BRDA:56,10,0,2
BRDA:56,10,1,0
BRDA:56,11,0,2
BRDA:56,11,1,1
BRF:28
BRH:27
end_of_record
